<?xml version="1.0" encoding="UTF-8"?>
<testng-results ignored="0" total="1" passed="1" failed="0" skipped="0">
  <reporter-output>
  </reporter-output>
  <suite started-at="2025-02-23T22:58:50 CET" name="Default suite" finished-at="2025-02-23T22:58:57 CET" duration-ms="6899">
    <groups>
    </groups>
    <test started-at="2025-02-23T22:58:50 CET" name="Default test" finished-at="2025-02-23T22:58:57 CET" duration-ms="6899">
      <class name="zzzlaunch.zzzlaunch.LoginPageTest">
        <test-method signature="testLogin()[pri:0, instance:zzzlaunch.zzzlaunch.LoginPageTest@cecf639]" started-at="2025-02-23T22:58:50 CET" name="testLogin" finished-at="2025-02-23T22:58:57 CET" duration-ms="6864" status="PASS">
          <reporter-output>
          </reporter-output>
        </test-method> <!-- testLogin -->
      </class> <!-- zzzlaunch.zzzlaunch.LoginPageTest -->
    </test> <!-- Default test -->
  </suite> <!-- Default suite -->
</testng-results>
